<?xml version="1.0" encoding="UTF-8"?>
<testng-results ignored="0" total="1" passed="1" failed="0" skipped="0">
  <reporter-output>
  </reporter-output>
  <suite started-at="2022-03-18T18:25:44Z" name="Default suite" finished-at="2022-03-18T18:25:54Z" duration-ms="10682">
    <groups>
    </groups>
    <test started-at="2022-03-18T18:25:44Z" name="Default test" finished-at="2022-03-18T18:25:54Z" duration-ms="10682">
      <class name="DataDrivenExcel.DataDrivenExcel.Login">
        <test-method is-config="true" signature="setup()[pri:0, instance:DataDrivenExcel.DataDrivenExcel.Login@4b741d6d]" started-at="2022-03-18T23:55:44Z" name="setup" finished-at="2022-03-18T23:55:45Z" duration-ms="1722" status="PASS">
          <reporter-output>
          </reporter-output>
        </test-method> <!-- setup -->
        <test-method signature="loginTest()[pri:0, instance:DataDrivenExcel.DataDrivenExcel.Login@4b741d6d]" started-at="2022-03-18T23:55:45Z" name="loginTest" finished-at="2022-03-18T23:55:53Z" duration-ms="8177" status="PASS">
          <reporter-output>
          </reporter-output>
        </test-method> <!-- loginTest -->
        <test-method is-config="true" signature="tearDown()[pri:0, instance:DataDrivenExcel.DataDrivenExcel.Login@4b741d6d]" started-at="2022-03-18T23:55:53Z" name="tearDown" finished-at="2022-03-18T23:55:54Z" duration-ms="772" status="PASS">
          <reporter-output>
          </reporter-output>
        </test-method> <!-- tearDown -->
      </class> <!-- DataDrivenExcel.DataDrivenExcel.Login -->
    </test> <!-- Default test -->
  </suite> <!-- Default suite -->
</testng-results>
